[DEBUG BEFORE GPU] rank=0 size=4
[DEBUG BEFORE GPU] rank=1 size=4
[DEBUG BEFORE GPU] rank=2 size=4
[DEBUG BEFORE GPU] rank=3 size=4
[DEBUG AFTER gpuSetup] rank=0 size=4
[DEBUG BEFORE gpuIterate] rank=0
[DEBUG AFTER gpuSetup] rank=1 size=4
[DEBUG BEFORE gpuIterate] rank=1
[DEBUG AFTER gpuSetup] rank=2 size=4
[DEBUG BEFORE gpuIterate] rank=2
[DEBUG AFTER gpuSetup] rank=3 size=4
[DEBUG BEFORE gpuIterate] rank=3
[DEBUG AFTER gpuIterate] rank=2
[DEBUG AFTER gpuIterate] rank=0
[DEBUG AFTER gpuIterate] rank=1
[DEBUG AFTER gpuIterate] rank=3
[DEBUG BEFORE gpuIterate] rank=0
[DEBUG BEFORE gpuIterate] rank=0
[DEBUG BEFORE gpuIterate] rank=0
[DEBUG BEFORE gpuIterate] rank=0
[DEBUG AFTER gpuIterate] rank=0
[DEBUG AFTER gpuIterate] rank=0
[DEBUG AFTER gpuIterate] rank=0
[DEBUG AFTER gpuIterate] rank=0
[DEBUG BEFORE gpuIterate] rank=0
[DEBUG BEFORE gpuIterate] rank=0
[DEBUG BEFORE gpuIterate] rank=0
[DEBUG BEFORE gpuIterate] rank=0
[DEBUG AFTER gpuIterate] rank=0
[DEBUG AFTER gpuIterate] rank=0
[DEBUG AFTER gpuIterate] rank=0
[DEBUG AFTER gpuIterate] rank=0
Running with 4 ranks
  Search time: 0.0396688 seconds
Path: 0 385 423 999
Running with 4 ranks
  Search time: 0.0396692 seconds
Path: 0 385 423 999
Running with 4 ranks
  Search time: 0.0396638 seconds
Path: 0 385 423 999
Running with 4 ranks
  Search time: 0.0396695 seconds
Path: 0 385 423 999
