[DEBUG BEFORE GPU] rank=0 size=4
[DEBUG BEFORE GPU] rank=1 size=4
[DEBUG BEFORE GPU] rank=2 size=4
[DEBUG BEFORE GPU] rank=3 size=4
[DEBUG AFTER gpuSetup] rank=0 size=4
[DEBUG BEFORE gpuIterate] rank=0
[DEBUG AFTER gpuSetup] rank=1 size=4
[DEBUG BEFORE gpuIterate] rank=1
[DEBUG AFTER gpuSetup] rank=2 size=4
[DEBUG BEFORE gpuIterate] rank=2
[DEBUG AFTER gpuSetup] rank=3 size=4
[DEBUG BEFORE gpuIterate] rank=3
[DEBUG AFTER gpuIterate] rank=2
[DEBUG AFTER gpuIterate] rank=0
[DEBUG AFTER gpuIterate] rank=1
[DEBUG AFTER gpuIterate] rank=3
[DEBUG BEFORE gpuIterate] rank=0
[DEBUG BEFORE gpuIterate] rank=0
[DEBUG BEFORE gpuIterate] rank=0
[DEBUG BEFORE gpuIterate] rank=0
[DEBUG AFTER gpuIterate] rank=0
[DEBUG AFTER gpuIterate] rank=0
[DEBUG AFTER gpuIterate] rank=0
[DEBUG AFTER gpuIterate] rank=0
[DEBUG BEFORE gpuIterate] rank=0
[DEBUG BEFORE gpuIterate] rank=0
[DEBUG BEFORE gpuIterate] rank=0
[DEBUG BEFORE gpuIterate] rank=0
[DEBUG AFTER gpuIterate] rank=0
[DEBUG AFTER gpuIterate] rank=0
[DEBUG AFTER gpuIterate] rank=0
[DEBUG AFTER gpuIterate] rank=0
[DEBUG BEFORE gpuIterate] rank=0
[DEBUG BEFORE gpuIterate] rank=0
[DEBUG BEFORE gpuIterate] rank=0
[DEBUG BEFORE gpuIterate] rank=0
[DEBUG AFTER gpuIterate] rank=0
[DEBUG AFTER gpuIterate] rank=0
[DEBUG AFTER gpuIterate] rank=0
[DEBUG AFTER gpuIterate] rank=0
[DEBUG BEFORE gpuIterate] rank=0
[DEBUG BEFORE gpuIterate] rank=0
[DEBUG BEFORE gpuIterate] rank=0
[DEBUG BEFORE gpuIterate] rank=0
[DEBUG AFTER gpuIterate] rank=0
[DEBUG AFTER gpuIterate] rank=0
[DEBUG AFTER gpuIterate] rank=0
[DEBUG AFTER gpuIterate] rank=0
[DEBUG BEFORE gpuIterate] rank=0
[DEBUG BEFORE gpuIterate] rank=0
[DEBUG BEFORE gpuIterate] rank=0
[DEBUG BEFORE gpuIterate] rank=0
[DEBUG AFTER gpuIterate] rank=0
[DEBUG AFTER gpuIterate] rank=0
[DEBUG AFTER gpuIterate] rank=0
[DEBUG AFTER gpuIterate] rank=0
[DEBUG BEFORE gpuIterate] rank=0
[DEBUG BEFORE gpuIterate] rank=0
[DEBUG BEFORE gpuIterate] rank=0
[DEBUG BEFORE gpuIterate] rank=0
[DEBUG AFTER gpuIterate] rank=0
[DEBUG AFTER gpuIterate] rank=0
[DEBUG AFTER gpuIterate] rank=0
[DEBUG AFTER gpuIterate] rank=0
[DEBUG BEFORE gpuIterate] rank=0
[DEBUG BEFORE gpuIterate] rank=0
[DEBUG BEFORE gpuIterate] rank=0
[DEBUG BEFORE gpuIterate] rank=0
[DEBUG AFTER gpuIterate] rank=0
[DEBUG AFTER gpuIterate] rank=0
[DEBUG AFTER gpuIterate] rank=0
[DEBUG AFTER gpuIterate] rank=0
[DEBUG BEFORE gpuIterate] rank=0
[DEBUG BEFORE gpuIterate] rank=0
[DEBUG BEFORE gpuIterate] rank=0
[DEBUG BEFORE gpuIterate] rank=0
[DEBUG AFTER gpuIterate] rank=0
[DEBUG AFTER gpuIterate] rank=0
[DEBUG AFTER gpuIterate] rank=0
[DEBUG AFTER gpuIterate] rank=0
[DEBUG BEFORE gpuIterate] rank=0
[DEBUG BEFORE gpuIterate] rank=0
[DEBUG BEFORE gpuIterate] rank=0
[DEBUG BEFORE gpuIterate] rank=0
[DEBUG AFTER gpuIterate] rank=0
[DEBUG AFTER gpuIterate] rank=0
[DEBUG AFTER gpuIterate] rank=0
[DEBUG AFTER gpuIterate] rank=0
[DEBUG BEFORE gpuIterate] rank=0
[DEBUG BEFORE gpuIterate] rank=0
[DEBUG BEFORE gpuIterate] rank=0
[DEBUG BEFORE gpuIterate] rank=0
[DEBUG AFTER gpuIterate] rank=0
[DEBUG AFTER gpuIterate] rank=0
[DEBUG AFTER gpuIterate] rank=0
[DEBUG AFTER gpuIterate] rank=0
[DEBUG BEFORE gpuIterate] rank=0
[DEBUG BEFORE gpuIterate] rank=0
[DEBUG BEFORE gpuIterate] rank=0
[DEBUG BEFORE gpuIterate] rank=0
[DEBUG AFTER gpuIterate] rank=0
[DEBUG AFTER gpuIterate] rank=0
[DEBUG AFTER gpuIterate] rank=0
[DEBUG AFTER gpuIterate] rank=0
[DEBUG BEFORE gpuIterate] rank=0
[DEBUG BEFORE gpuIterate] rank=0
[DEBUG BEFORE gpuIterate] rank=0
[DEBUG BEFORE gpuIterate] rank=0
[DEBUG AFTER gpuIterate] rank=0
[DEBUG AFTER gpuIterate] rank=0
[DEBUG AFTER gpuIterate] rank=0
[DEBUG AFTER gpuIterate] rank=0
[DEBUG BEFORE gpuIterate] rank=0
[DEBUG BEFORE gpuIterate] rank=0
[DEBUG BEFORE gpuIterate] rank=0
[DEBUG BEFORE gpuIterate] rank=0
[DEBUG AFTER gpuIterate] rank=0
[DEBUG AFTER gpuIterate] rank=0
[DEBUG AFTER gpuIterate] rank=0
[DEBUG AFTER gpuIterate] rank=0
[DEBUG BEFORE gpuIterate] rank=0
[DEBUG BEFORE gpuIterate] rank=0
[DEBUG BEFORE gpuIterate] rank=0
[DEBUG BEFORE gpuIterate] rank=0
[DEBUG AFTER gpuIterate] rank=0
[DEBUG AFTER gpuIterate] rank=0
[DEBUG AFTER gpuIterate] rank=0
[DEBUG AFTER gpuIterate] rank=0
[DEBUG BEFORE gpuIterate] rank=0
[DEBUG BEFORE gpuIterate] rank=0
[DEBUG BEFORE gpuIterate] rank=0
[DEBUG BEFORE gpuIterate] rank=0
[DEBUG AFTER gpuIterate] rank=0
[DEBUG AFTER gpuIterate] rank=0
[DEBUG AFTER gpuIterate] rank=0
[DEBUG AFTER gpuIterate] rank=0
Running with 4 ranks
  Search time: 0.197767 seconds
Running with 4 ranks
  Search time: 0.19777 seconds
Running with 4 ranks
  Search time: 0.197774 seconds
Running with 4 ranks
  Search time: 0.197774 seconds
No path found
No path found
No path found
No path found
