[DEBUG BEFORE GPU] rank=2 size=4
[DEBUG BEFORE GPU] rank=3 size=4
[DEBUG BEFORE GPU] rank=0 size=4
[DEBUG BEFORE GPU] rank=1 size=4
[DEBUG AFTER gpuSetup] rank=0 size=4
[DEBUG BEFORE gpuIterate] rank=0
[DEBUG AFTER gpuSetup] rank=2 size=4
[DEBUG BEFORE gpuIterate] rank=2
[DEBUG AFTER gpuSetup] rank=1 size=4
[DEBUG BEFORE gpuIterate] rank=1
[DEBUG AFTER gpuSetup] rank=3 size=4
[DEBUG BEFORE gpuIterate] rank=3
[DEBUG AFTER gpuIterate] rank=0
[DEBUG AFTER gpuIterate] rank=3
[DEBUG AFTER gpuIterate] rank=1
[DEBUG AFTER gpuIterate] rank=2
[DEBUG BEFORE gpuIterate] rank=0
[DEBUG BEFORE gpuIterate] rank=0
[DEBUG BEFORE gpuIterate] rank=0
[DEBUG BEFORE gpuIterate] rank=0
[DEBUG AFTER gpuIterate] rank=0
[DEBUG AFTER gpuIterate] rank=0
[DEBUG AFTER gpuIterate] rank=0
[DEBUG AFTER gpuIterate] rank=0
[DEBUG BEFORE gpuIterate] rank=0
[DEBUG BEFORE gpuIterate] rank=0
[DEBUG BEFORE gpuIterate] rank=0
[DEBUG BEFORE gpuIterate] rank=0
[DEBUG AFTER gpuIterate] rank=0
[DEBUG AFTER gpuIterate] rank=0
[DEBUG AFTER gpuIterate] rank=0
[DEBUG AFTER gpuIterate] rank=0
[DEBUG BEFORE gpuIterate] rank=0
[DEBUG BEFORE gpuIterate] rank=0
[DEBUG BEFORE gpuIterate] rank=0
[DEBUG BEFORE gpuIterate] rank=0
[DEBUG AFTER gpuIterate] rank=0
[DEBUG AFTER gpuIterate] rank=0
[DEBUG AFTER gpuIterate] rank=0
[DEBUG AFTER gpuIterate] rank=0
[DEBUG BEFORE gpuIterate] rank=0
[DEBUG BEFORE gpuIterate] rank=0
[DEBUG BEFORE gpuIterate] rank=0
[DEBUG BEFORE gpuIterate] rank=0
[DEBUG AFTER gpuIterate] rank=0
[DEBUG AFTER gpuIterate] rank=0
[DEBUG AFTER gpuIterate] rank=0
[DEBUG AFTER gpuIterate] rank=0
[DEBUG BEFORE gpuIterate] rank=0
[DEBUG BEFORE gpuIterate] rank=0
[DEBUG BEFORE gpuIterate] rank=0
[DEBUG BEFORE gpuIterate] rank=0
[DEBUG AFTER gpuIterate] rank=0
[DEBUG AFTER gpuIterate] rank=0
[DEBUG AFTER gpuIterate] rank=0
[DEBUG AFTER gpuIterate] rank=0
[DEBUG BEFORE gpuIterate] rank=0
[DEBUG BEFORE gpuIterate] rank=0
[DEBUG BEFORE gpuIterate] rank=0
[DEBUG BEFORE gpuIterate] rank=0
[DEBUG AFTER gpuIterate] rank=0
[DEBUG AFTER gpuIterate] rank=0
[DEBUG AFTER gpuIterate] rank=0
[DEBUG AFTER gpuIterate] rank=0
[DEBUG BEFORE gpuIterate] rank=0
[DEBUG BEFORE gpuIterate] rank=0
[DEBUG BEFORE gpuIterate] rank=0
[DEBUG BEFORE gpuIterate] rank=0
[DEBUG AFTER gpuIterate] rank=0
[DEBUG AFTER gpuIterate] rank=0
[DEBUG AFTER gpuIterate] rank=0
[DEBUG AFTER gpuIterate] rank=0
[DEBUG BEFORE gpuIterate] rank=0
[DEBUG BEFORE gpuIterate] rank=0
[DEBUG BEFORE gpuIterate] rank=0
[DEBUG BEFORE gpuIterate] rank=0
[DEBUG AFTER gpuIterate] rank=0
[DEBUG AFTER gpuIterate] rank=0
[DEBUG AFTER gpuIterate] rank=0
[DEBUG AFTER gpuIterate] rank=0
[DEBUG BEFORE gpuIterate] rank=0
[DEBUG BEFORE gpuIterate] rank=0
[DEBUG BEFORE gpuIterate] rank=0
[DEBUG BEFORE gpuIterate] rank=0
[DEBUG AFTER gpuIterate] rank=0
[DEBUG AFTER gpuIterate] rank=0
[DEBUG AFTER gpuIterate] rank=0
[DEBUG AFTER gpuIterate] rank=0
[DEBUG BEFORE gpuIterate] rank=0
[DEBUG BEFORE gpuIterate] rank=0
[DEBUG BEFORE gpuIterate] rank=0
[DEBUG BEFORE gpuIterate] rank=0
[DEBUG AFTER gpuIterate] rank=0
[DEBUG AFTER gpuIterate] rank=0
[DEBUG AFTER gpuIterate] rank=0
[DEBUG AFTER gpuIterate] rank=0
[DEBUG BEFORE gpuIterate] rank=0
[DEBUG BEFORE gpuIterate] rank=0
[DEBUG BEFORE gpuIterate] rank=0
[DEBUG BEFORE gpuIterate] rank=0
[DEBUG AFTER gpuIterate] rank=0
[DEBUG AFTER gpuIterate] rank=0
[DEBUG AFTER gpuIterate] rank=0
[DEBUG AFTER gpuIterate] rank=0
Running with 4 ranks
  Search time: 0.121804 seconds
Running with 4 ranks
  Search time: 0.121804 seconds
Running with 4 ranks
  Search time: 0.121804 seconds
Running with 4 ranks
  Search time: 0.121805 seconds
Path: 0 10290 14561 20878 27680 30168 33966 35240 35999 41081 41361 46144 49999
Path: 0 10290 14561 20878 27680 30168 33966 35240 35999 41081 41361 46144 49999
Path: 0 10290 14561 20878 27680 30168 33966 35240 35999 41081 41361 46144 49999
Path: 0 10290 14561 20878 27680 30168 33966 35240 35999 41081 41361 46144 49999
